[API MONITOR] 2026-03-08T20:28:29.984Z POST /auth/login
[API MONITOR] 2026-03-08T20:28:30.578Z GET /evaluations
[API MONITOR] 2026-03-08T20:28:30.579Z GET /indicators
[API MONITOR] 2026-03-08T20:29:40.386Z GET /auth/me
[API MONITOR] 2026-03-08T20:29:40.392Z GET /evidences
[API MONITOR] 2026-03-08T20:29:40.395Z GET /users
[API MONITOR] 2026-03-08T20:29:43.649Z POST /auth/login
[API MONITOR] 2026-03-08T20:29:43.876Z GET /evaluations
[API MONITOR] 2026-03-08T20:29:43.877Z GET /indicators
[API MONITOR] 2026-03-08T20:30:43.098Z POST /evidences
[API MONITOR] 2026-03-08T20:30:44.175Z GET /evidences
[API MONITOR] 2026-03-08T20:31:12.651Z GET /auth/me
[API MONITOR] 2026-03-08T20:31:12.656Z GET /evidences
[API MONITOR] 2026-03-08T20:31:12.657Z GET /users
[API MONITOR] 2026-03-08T20:32:39.622Z GET /auth/me
[API MONITOR] 2026-03-08T20:32:39.643Z GET /evidences
[API MONITOR] 2026-03-08T20:32:39.645Z GET /users
[API MONITOR] 2026-03-08T20:38:09.650Z GET /auth/me
[API MONITOR] 2026-03-08T20:38:09.676Z GET /evidences
[API MONITOR] 2026-03-08T20:38:09.680Z GET /users
[API MONITOR] 2026-03-08T20:38:58.380Z DELETE /evidences/30
[API MONITOR] 2026-03-08T20:38:59.221Z GET /evidences
[API MONITOR] 2026-03-08T20:39:06.813Z GET /evaluations
[API MONITOR] 2026-03-08T20:39:11.453Z POST /auth/logout
[API MONITOR] 2026-03-08T20:39:13.207Z POST /auth/login
[API MONITOR] 2026-03-08T20:39:13.744Z GET /indicators
[API MONITOR] 2026-03-08T20:39:19.000Z POST /evaluations/start
[API MONITOR] 2026-03-08T20:40:00.777Z GET /evaluations
[API MONITOR] 2026-03-08T20:44:22.836Z GET /auth/me
[API MONITOR] 2026-03-08T20:44:22.844Z GET /evaluations
[API MONITOR] 2026-03-08T20:44:22.845Z GET /users
[API MONITOR] 2026-03-08T21:04:35.562Z GET /auth/me
[API MONITOR] 2026-03-08T21:04:35.575Z GET /users
[API MONITOR] 2026-03-08T21:04:35.579Z GET /evaluations
[API MONITOR] 2026-03-08T21:07:45.110Z GET /auth/me
[API MONITOR] 2026-03-08T21:07:45.113Z GET /evaluations
[API MONITOR] 2026-03-08T21:07:45.114Z GET /users
[API MONITOR] 2026-03-08T21:51:07.379Z POST /auth/login
[API MONITOR] 2026-03-08T21:51:08.404Z GET /users
[API MONITOR] 2026-03-08T21:51:08.406Z GET /evidences
[API MONITOR] 2026-03-08T21:51:08.409Z GET /evaluations
[API MONITOR] 2026-03-08T21:51:08.411Z GET /indicators
[API MONITOR] 2026-03-08T21:51:23.511Z POST /auth/logout
[API MONITOR] 2026-03-08T21:51:25.128Z POST /auth/login
[API MONITOR] 2026-03-08T21:51:29.868Z GET /schools
[API MONITOR] 2026-03-08T21:55:09.148Z GET /auth/me
[API MONITOR] 2026-03-08T21:55:09.157Z GET /evaluations
[API MONITOR] 2026-03-08T21:55:09.166Z GET /users
[API MONITOR] 2026-03-08T22:03:07.034Z GET /auth/me
[API MONITOR] 2026-03-08T22:03:07.045Z GET /users
[API MONITOR] 2026-03-08T22:03:07.050Z GET /evaluations
[API MONITOR] 2026-03-08T22:21:21.295Z GET /auth/me
[API MONITOR] 2026-03-08T22:21:21.299Z GET /users
[API MONITOR] 2026-03-08T22:21:21.301Z GET /evaluations
[API MONITOR] 2026-03-08T22:31:02.277Z GET /auth/me
[API MONITOR] 2026-03-08T22:31:02.297Z GET /evaluations
[API MONITOR] 2026-03-08T22:31:02.324Z GET /users
[API MONITOR] 2026-03-08T22:42:33.114Z GET /auth/me
[API MONITOR] 2026-03-08T22:42:33.122Z GET /users
[API MONITOR] 2026-03-08T22:42:33.125Z GET /evaluations
